nohup: ignoring input
INFO:database:Подключение к базе данных успешно установлено!
INFO:database:Таблицы созданы (если их не было)
INFO:httpx:HTTP Request: POST https://api.telegram.org/bot7656851825:AAGndOhQDw3oYve4J12QoCLmMuLuhY69J6o/getMe "HTTP/1.1 200 OK"
INFO:httpx:HTTP Request: POST https://api.telegram.org/bot7656851825:AAGndOhQDw3oYve4J12QoCLmMuLuhY69J6o/deleteWebhook "HTTP/1.1 200 OK"
INFO:telegram.ext.Application:Application started
INFO:httpx:HTTP Request: POST https://api.telegram.org/bot7656851825:AAGndOhQDw3oYve4J12QoCLmMuLuhY69J6o/getUpdates "HTTP/1.1 409 Conflict"
ERROR:telegram.ext.Application:No error handlers are registered, logging exception.
Traceback (most recent call last):
  File "/home/ghost/zavalinka-bot/venv/lib/python3.12/site-packages/telegram/ext/_utils/networkloop.py", line 115, in network_retry_loop
    if not await do_action():
           ^^^^^^^^^^^^^^^^^
  File "/home/ghost/zavalinka-bot/venv/lib/python3.12/site-packages/telegram/ext/_utils/networkloop.py", line 108, in do_action
    return action_cb_task.result()
           ^^^^^^^^^^^^^^^^^^^^^^^
  File "/home/ghost/zavalinka-bot/venv/lib/python3.12/site-packages/telegram/ext/_updater.py", line 335, in polling_action_cb
    updates = await self.bot.get_updates(
              ^^^^^^^^^^^^^^^^^^^^^^^^^^^
  File "/home/ghost/zavalinka-bot/venv/lib/python3.12/site-packages/telegram/ext/_extbot.py", line 658, in get_updates
    updates = await super().get_updates(
              ^^^^^^^^^^^^^^^^^^^^^^^^^^
  File "/home/ghost/zavalinka-bot/venv/lib/python3.12/site-packages/telegram/_bot.py", line 4593, in get_updates
    await self._post(
  File "/home/ghost/zavalinka-bot/venv/lib/python3.12/site-packages/telegram/_bot.py", line 691, in _post
    return await self._do_post(
           ^^^^^^^^^^^^^^^^^^^^
  File "/home/ghost/zavalinka-bot/venv/lib/python3.12/site-packages/telegram/ext/_extbot.py", line 362, in _do_post
    return await super()._do_post(
           ^^^^^^^^^^^^^^^^^^^^^^^
  File "/home/ghost/zavalinka-bot/venv/lib/python3.12/site-packages/telegram/_bot.py", line 720, in _do_post
    result = await request.post(
             ^^^^^^^^^^^^^^^^^^^
  File "/home/ghost/zavalinka-bot/venv/lib/python3.12/site-packages/telegram/request/_baserequest.py", line 197, in post
    result = await self._request_wrapper(
             ^^^^^^^^^^^^^^^^^^^^^^^^^^^^
  File "/home/ghost/zavalinka-bot/venv/lib/python3.12/site-packages/telegram/request/_baserequest.py", line 355, in _request_wrapper
    raise Conflict(message)
telegram.error.Conflict: Conflict: terminated by other getUpdates request; make sure that only one bot instance is running
INFO:httpx:HTTP Request: POST https://api.telegram.org/bot7656851825:AAGndOhQDw3oYve4J12QoCLmMuLuhY69J6o/getUpdates "HTTP/1.1 409 Conflict"
ERROR:telegram.ext.Application:No error handlers are registered, logging exception.
Traceback (most recent call last):
  File "/home/ghost/zavalinka-bot/venv/lib/python3.12/site-packages/telegram/ext/_utils/networkloop.py", line 115, in network_retry_loop
    if not await do_action():
           ^^^^^^^^^^^^^^^^^
  File "/home/ghost/zavalinka-bot/venv/lib/python3.12/site-packages/telegram/ext/_utils/networkloop.py", line 108, in do_action
    return action_cb_task.result()
           ^^^^^^^^^^^^^^^^^^^^^^^
  File "/home/ghost/zavalinka-bot/venv/lib/python3.12/site-packages/telegram/ext/_updater.py", line 335, in polling_action_cb
    updates = await self.bot.get_updates(
              ^^^^^^^^^^^^^^^^^^^^^^^^^^^
  File "/home/ghost/zavalinka-bot/venv/lib/python3.12/site-packages/telegram/ext/_extbot.py", line 658, in get_updates
    updates = await super().get_updates(
              ^^^^^^^^^^^^^^^^^^^^^^^^^^
  File "/home/ghost/zavalinka-bot/venv/lib/python3.12/site-packages/telegram/_bot.py", line 4593, in get_updates
    await self._post(
  File "/home/ghost/zavalinka-bot/venv/lib/python3.12/site-packages/telegram/_bot.py", line 691, in _post
    return await self._do_post(
           ^^^^^^^^^^^^^^^^^^^^
  File "/home/ghost/zavalinka-bot/venv/lib/python3.12/site-packages/telegram/ext/_extbot.py", line 362, in _do_post
    return await super()._do_post(
           ^^^^^^^^^^^^^^^^^^^^^^^
  File "/home/ghost/zavalinka-bot/venv/lib/python3.12/site-packages/telegram/_bot.py", line 720, in _do_post
    result = await request.post(
             ^^^^^^^^^^^^^^^^^^^
  File "/home/ghost/zavalinka-bot/venv/lib/python3.12/site-packages/telegram/request/_baserequest.py", line 197, in post
    result = await self._request_wrapper(
             ^^^^^^^^^^^^^^^^^^^^^^^^^^^^
  File "/home/ghost/zavalinka-bot/venv/lib/python3.12/site-packages/telegram/request/_baserequest.py", line 355, in _request_wrapper
    raise Conflict(message)
telegram.error.Conflict: Conflict: terminated by other getUpdates request; make sure that only one bot instance is running
INFO:httpx:HTTP Request: POST https://api.telegram.org/bot7656851825:AAGndOhQDw3oYve4J12QoCLmMuLuhY69J6o/getUpdates "HTTP/1.1 409 Conflict"
ERROR:telegram.ext.Application:No error handlers are registered, logging exception.
Traceback (most recent call last):
  File "/home/ghost/zavalinka-bot/venv/lib/python3.12/site-packages/telegram/ext/_utils/networkloop.py", line 115, in network_retry_loop
    if not await do_action():
           ^^^^^^^^^^^^^^^^^
  File "/home/ghost/zavalinka-bot/venv/lib/python3.12/site-packages/telegram/ext/_utils/networkloop.py", line 108, in do_action
    return action_cb_task.result()
           ^^^^^^^^^^^^^^^^^^^^^^^
  File "/home/ghost/zavalinka-bot/venv/lib/python3.12/site-packages/telegram/ext/_updater.py", line 335, in polling_action_cb
    updates = await self.bot.get_updates(
              ^^^^^^^^^^^^^^^^^^^^^^^^^^^
  File "/home/ghost/zavalinka-bot/venv/lib/python3.12/site-packages/telegram/ext/_extbot.py", line 658, in get_updates
    updates = await super().get_updates(
              ^^^^^^^^^^^^^^^^^^^^^^^^^^
  File "/home/ghost/zavalinka-bot/venv/lib/python3.12/site-packages/telegram/_bot.py", line 4593, in get_updates
    await self._post(
  File "/home/ghost/zavalinka-bot/venv/lib/python3.12/site-packages/telegram/_bot.py", line 691, in _post
    return await self._do_post(
           ^^^^^^^^^^^^^^^^^^^^
  File "/home/ghost/zavalinka-bot/venv/lib/python3.12/site-packages/telegram/ext/_extbot.py", line 362, in _do_post
    return await super()._do_post(
           ^^^^^^^^^^^^^^^^^^^^^^^
  File "/home/ghost/zavalinka-bot/venv/lib/python3.12/site-packages/telegram/_bot.py", line 720, in _do_post
    result = await request.post(
             ^^^^^^^^^^^^^^^^^^^
  File "/home/ghost/zavalinka-bot/venv/lib/python3.12/site-packages/telegram/request/_baserequest.py", line 197, in post
    result = await self._request_wrapper(
             ^^^^^^^^^^^^^^^^^^^^^^^^^^^^
  File "/home/ghost/zavalinka-bot/venv/lib/python3.12/site-packages/telegram/request/_baserequest.py", line 355, in _request_wrapper
    raise Conflict(message)
telegram.error.Conflict: Conflict: terminated by other getUpdates request; make sure that only one bot instance is running
INFO:httpx:HTTP Request: POST https://api.telegram.org/bot7656851825:AAGndOhQDw3oYve4J12QoCLmMuLuhY69J6o/getUpdates "HTTP/1.1 409 Conflict"
ERROR:telegram.ext.Application:No error handlers are registered, logging exception.
Traceback (most recent call last):
  File "/home/ghost/zavalinka-bot/venv/lib/python3.12/site-packages/telegram/ext/_utils/networkloop.py", line 115, in network_retry_loop
    if not await do_action():
           ^^^^^^^^^^^^^^^^^
  File "/home/ghost/zavalinka-bot/venv/lib/python3.12/site-packages/telegram/ext/_utils/networkloop.py", line 108, in do_action
    return action_cb_task.result()
           ^^^^^^^^^^^^^^^^^^^^^^^
  File "/home/ghost/zavalinka-bot/venv/lib/python3.12/site-packages/telegram/ext/_updater.py", line 335, in polling_action_cb
    updates = await self.bot.get_updates(
              ^^^^^^^^^^^^^^^^^^^^^^^^^^^
  File "/home/ghost/zavalinka-bot/venv/lib/python3.12/site-packages/telegram/ext/_extbot.py", line 658, in get_updates
    updates = await super().get_updates(
              ^^^^^^^^^^^^^^^^^^^^^^^^^^
  File "/home/ghost/zavalinka-bot/venv/lib/python3.12/site-packages/telegram/_bot.py", line 4593, in get_updates
    await self._post(
  File "/home/ghost/zavalinka-bot/venv/lib/python3.12/site-packages/telegram/_bot.py", line 691, in _post
    return await self._do_post(
           ^^^^^^^^^^^^^^^^^^^^
  File "/home/ghost/zavalinka-bot/venv/lib/python3.12/site-packages/telegram/ext/_extbot.py", line 362, in _do_post
    return await super()._do_post(
           ^^^^^^^^^^^^^^^^^^^^^^^
  File "/home/ghost/zavalinka-bot/venv/lib/python3.12/site-packages/telegram/_bot.py", line 720, in _do_post
    result = await request.post(
             ^^^^^^^^^^^^^^^^^^^
  File "/home/ghost/zavalinka-bot/venv/lib/python3.12/site-packages/telegram/request/_baserequest.py", line 197, in post
    result = await self._request_wrapper(
             ^^^^^^^^^^^^^^^^^^^^^^^^^^^^
  File "/home/ghost/zavalinka-bot/venv/lib/python3.12/site-packages/telegram/request/_baserequest.py", line 355, in _request_wrapper
    raise Conflict(message)
telegram.error.Conflict: Conflict: terminated by other getUpdates request; make sure that only one bot instance is running
INFO:httpx:HTTP Request: POST https://api.telegram.org/bot7656851825:AAGndOhQDw3oYve4J12QoCLmMuLuhY69J6o/getUpdates "HTTP/1.1 200 OK"
INFO:httpx:HTTP Request: POST https://api.telegram.org/bot7656851825:AAGndOhQDw3oYve4J12QoCLmMuLuhY69J6o/getUpdates "HTTP/1.1 200 OK"
INFO:httpx:HTTP Request: POST https://api.telegram.org/bot7656851825:AAGndOhQDw3oYve4J12QoCLmMuLuhY69J6o/sendMessage "HTTP/1.1 200 OK"
INFO:httpx:HTTP Request: POST https://api.telegram.org/bot7656851825:AAGndOhQDw3oYve4J12QoCLmMuLuhY69J6o/getUpdates "HTTP/1.1 200 OK"
INFO:httpx:HTTP Request: POST https://api.telegram.org/bot7656851825:AAGndOhQDw3oYve4J12QoCLmMuLuhY69J6o/sendMessage "HTTP/1.1 200 OK"
INFO:httpx:HTTP Request: POST https://api.telegram.org/bot7656851825:AAGndOhQDw3oYve4J12QoCLmMuLuhY69J6o/getUpdates "HTTP/1.1 200 OK"
INFO:httpx:HTTP Request: POST https://api.telegram.org/bot7656851825:AAGndOhQDw3oYve4J12QoCLmMuLuhY69J6o/getUpdates "HTTP/1.1 200 OK"
INFO:httpx:HTTP Request: POST https://api.telegram.org/bot7656851825:AAGndOhQDw3oYve4J12QoCLmMuLuhY69J6o/getUpdates "HTTP/1.1 200 OK"
INFO:httpx:HTTP Request: POST https://api.telegram.org/bot7656851825:AAGndOhQDw3oYve4J12QoCLmMuLuhY69J6o/getUpdates "HTTP/1.1 200 OK"
INFO:httpx:HTTP Request: POST https://api.telegram.org/bot7656851825:AAGndOhQDw3oYve4J12QoCLmMuLuhY69J6o/getUpdates "HTTP/1.1 200 OK"
INFO:httpx:HTTP Request: POST https://api.telegram.org/bot7656851825:AAGndOhQDw3oYve4J12QoCLmMuLuhY69J6o/getUpdates "HTTP/1.1 200 OK"
INFO:httpx:HTTP Request: POST https://api.telegram.org/bot7656851825:AAGndOhQDw3oYve4J12QoCLmMuLuhY69J6o/getUpdates "HTTP/1.1 200 OK"
INFO:httpx:HTTP Request: POST https://api.telegram.org/bot7656851825:AAGndOhQDw3oYve4J12QoCLmMuLuhY69J6o/getUpdates "HTTP/1.1 200 OK"
INFO:httpx:HTTP Request: POST https://api.telegram.org/bot7656851825:AAGndOhQDw3oYve4J12QoCLmMuLuhY69J6o/getUpdates "HTTP/1.1 200 OK"
INFO:httpx:HTTP Request: POST https://api.telegram.org/bot7656851825:AAGndOhQDw3oYve4J12QoCLmMuLuhY69J6o/getUpdates "HTTP/1.1 200 OK"
INFO:httpx:HTTP Request: POST https://api.telegram.org/bot7656851825:AAGndOhQDw3oYve4J12QoCLmMuLuhY69J6o/getUpdates "HTTP/1.1 200 OK"
INFO:httpx:HTTP Request: POST https://api.telegram.org/bot7656851825:AAGndOhQDw3oYve4J12QoCLmMuLuhY69J6o/getUpdates "HTTP/1.1 200 OK"
INFO:httpx:HTTP Request: POST https://api.telegram.org/bot7656851825:AAGndOhQDw3oYve4J12QoCLmMuLuhY69J6o/getUpdates "HTTP/1.1 200 OK"
INFO:httpx:HTTP Request: POST https://api.telegram.org/bot7656851825:AAGndOhQDw3oYve4J12QoCLmMuLuhY69J6o/getUpdates "HTTP/1.1 200 OK"
INFO:httpx:HTTP Request: POST https://api.telegram.org/bot7656851825:AAGndOhQDw3oYve4J12QoCLmMuLuhY69J6o/getUpdates "HTTP/1.1 200 OK"
INFO:httpx:HTTP Request: POST https://api.telegram.org/bot7656851825:AAGndOhQDw3oYve4J12QoCLmMuLuhY69J6o/getUpdates "HTTP/1.1 200 OK"
INFO:httpx:HTTP Request: POST https://api.telegram.org/bot7656851825:AAGndOhQDw3oYve4J12QoCLmMuLuhY69J6o/getUpdates "HTTP/1.1 200 OK"
INFO:httpx:HTTP Request: POST https://api.telegram.org/bot7656851825:AAGndOhQDw3oYve4J12QoCLmMuLuhY69J6o/getUpdates "HTTP/1.1 200 OK"
INFO:httpx:HTTP Request: POST https://api.telegram.org/bot7656851825:AAGndOhQDw3oYve4J12QoCLmMuLuhY69J6o/getUpdates "HTTP/1.1 200 OK"
INFO:httpx:HTTP Request: POST https://api.telegram.org/bot7656851825:AAGndOhQDw3oYve4J12QoCLmMuLuhY69J6o/getUpdates "HTTP/1.1 200 OK"
INFO:httpx:HTTP Request: POST https://api.telegram.org/bot7656851825:AAGndOhQDw3oYve4J12QoCLmMuLuhY69J6o/getUpdates "HTTP/1.1 200 OK"
INFO:httpx:HTTP Request: POST https://api.telegram.org/bot7656851825:AAGndOhQDw3oYve4J12QoCLmMuLuhY69J6o/getUpdates "HTTP/1.1 200 OK"
INFO:httpx:HTTP Request: POST https://api.telegram.org/bot7656851825:AAGndOhQDw3oYve4J12QoCLmMuLuhY69J6o/getUpdates "HTTP/1.1 200 OK"
INFO:httpx:HTTP Request: POST https://api.telegram.org/bot7656851825:AAGndOhQDw3oYve4J12QoCLmMuLuhY69J6o/getUpdates "HTTP/1.1 200 OK"
INFO:httpx:HTTP Request: POST https://api.telegram.org/bot7656851825:AAGndOhQDw3oYve4J12QoCLmMuLuhY69J6o/getUpdates "HTTP/1.1 200 OK"
INFO:httpx:HTTP Request: POST https://api.telegram.org/bot7656851825:AAGndOhQDw3oYve4J12QoCLmMuLuhY69J6o/getUpdates "HTTP/1.1 200 OK"
INFO:httpx:HTTP Request: POST https://api.telegram.org/bot7656851825:AAGndOhQDw3oYve4J12QoCLmMuLuhY69J6o/getUpdates "HTTP/1.1 200 OK"
INFO:httpx:HTTP Request: POST https://api.telegram.org/bot7656851825:AAGndOhQDw3oYve4J12QoCLmMuLuhY69J6o/getUpdates "HTTP/1.1 200 OK"
INFO:httpx:HTTP Request: POST https://api.telegram.org/bot7656851825:AAGndOhQDw3oYve4J12QoCLmMuLuhY69J6o/getUpdates "HTTP/1.1 200 OK"
INFO:httpx:HTTP Request: POST https://api.telegram.org/bot7656851825:AAGndOhQDw3oYve4J12QoCLmMuLuhY69J6o/getUpdates "HTTP/1.1 200 OK"
INFO:httpx:HTTP Request: POST https://api.telegram.org/bot7656851825:AAGndOhQDw3oYve4J12QoCLmMuLuhY69J6o/getUpdates "HTTP/1.1 200 OK"
INFO:httpx:HTTP Request: POST https://api.telegram.org/bot7656851825:AAGndOhQDw3oYve4J12QoCLmMuLuhY69J6o/getUpdates "HTTP/1.1 200 OK"
INFO:httpx:HTTP Request: POST https://api.telegram.org/bot7656851825:AAGndOhQDw3oYve4J12QoCLmMuLuhY69J6o/getUpdates "HTTP/1.1 200 OK"
INFO:httpx:HTTP Request: POST https://api.telegram.org/bot7656851825:AAGndOhQDw3oYve4J12QoCLmMuLuhY69J6o/getUpdates "HTTP/1.1 200 OK"
INFO:httpx:HTTP Request: POST https://api.telegram.org/bot7656851825:AAGndOhQDw3oYve4J12QoCLmMuLuhY69J6o/getUpdates "HTTP/1.1 200 OK"
INFO:httpx:HTTP Request: POST https://api.telegram.org/bot7656851825:AAGndOhQDw3oYve4J12QoCLmMuLuhY69J6o/getUpdates "HTTP/1.1 200 OK"
INFO:httpx:HTTP Request: POST https://api.telegram.org/bot7656851825:AAGndOhQDw3oYve4J12QoCLmMuLuhY69J6o/getUpdates "HTTP/1.1 200 OK"
INFO:httpx:HTTP Request: POST https://api.telegram.org/bot7656851825:AAGndOhQDw3oYve4J12QoCLmMuLuhY69J6o/getUpdates "HTTP/1.1 200 OK"
INFO:httpx:HTTP Request: POST https://api.telegram.org/bot7656851825:AAGndOhQDw3oYve4J12QoCLmMuLuhY69J6o/getUpdates "HTTP/1.1 200 OK"
INFO:httpx:HTTP Request: POST https://api.telegram.org/bot7656851825:AAGndOhQDw3oYve4J12QoCLmMuLuhY69J6o/getUpdates "HTTP/1.1 200 OK"
INFO:httpx:HTTP Request: POST https://api.telegram.org/bot7656851825:AAGndOhQDw3oYve4J12QoCLmMuLuhY69J6o/getUpdates "HTTP/1.1 200 OK"
INFO:httpx:HTTP Request: POST https://api.telegram.org/bot7656851825:AAGndOhQDw3oYve4J12QoCLmMuLuhY69J6o/getUpdates "HTTP/1.1 200 OK"
INFO:httpx:HTTP Request: POST https://api.telegram.org/bot7656851825:AAGndOhQDw3oYve4J12QoCLmMuLuhY69J6o/getUpdates "HTTP/1.1 200 OK"
INFO:httpx:HTTP Request: POST https://api.telegram.org/bot7656851825:AAGndOhQDw3oYve4J12QoCLmMuLuhY69J6o/getUpdates "HTTP/1.1 200 OK"
INFO:httpx:HTTP Request: POST https://api.telegram.org/bot7656851825:AAGndOhQDw3oYve4J12QoCLmMuLuhY69J6o/getUpdates "HTTP/1.1 200 OK"
INFO:httpx:HTTP Request: POST https://api.telegram.org/bot7656851825:AAGndOhQDw3oYve4J12QoCLmMuLuhY69J6o/getUpdates "HTTP/1.1 200 OK"
INFO:httpx:HTTP Request: POST https://api.telegram.org/bot7656851825:AAGndOhQDw3oYve4J12QoCLmMuLuhY69J6o/getUpdates "HTTP/1.1 200 OK"
INFO:httpx:HTTP Request: POST https://api.telegram.org/bot7656851825:AAGndOhQDw3oYve4J12QoCLmMuLuhY69J6o/getUpdates "HTTP/1.1 200 OK"
INFO:httpx:HTTP Request: POST https://api.telegram.org/bot7656851825:AAGndOhQDw3oYve4J12QoCLmMuLuhY69J6o/getUpdates "HTTP/1.1 200 OK"
INFO:httpx:HTTP Request: POST https://api.telegram.org/bot7656851825:AAGndOhQDw3oYve4J12QoCLmMuLuhY69J6o/getUpdates "HTTP/1.1 200 OK"
INFO:httpx:HTTP Request: POST https://api.telegram.org/bot7656851825:AAGndOhQDw3oYve4J12QoCLmMuLuhY69J6o/getUpdates "HTTP/1.1 200 OK"
INFO:httpx:HTTP Request: POST https://api.telegram.org/bot7656851825:AAGndOhQDw3oYve4J12QoCLmMuLuhY69J6o/getUpdates "HTTP/1.1 200 OK"
INFO:httpx:HTTP Request: POST https://api.telegram.org/bot7656851825:AAGndOhQDw3oYve4J12QoCLmMuLuhY69J6o/getUpdates "HTTP/1.1 200 OK"
INFO:httpx:HTTP Request: POST https://api.telegram.org/bot7656851825:AAGndOhQDw3oYve4J12QoCLmMuLuhY69J6o/getUpdates "HTTP/1.1 200 OK"
INFO:httpx:HTTP Request: POST https://api.telegram.org/bot7656851825:AAGndOhQDw3oYve4J12QoCLmMuLuhY69J6o/getUpdates "HTTP/1.1 200 OK"
INFO:httpx:HTTP Request: POST https://api.telegram.org/bot7656851825:AAGndOhQDw3oYve4J12QoCLmMuLuhY69J6o/getUpdates "HTTP/1.1 200 OK"
INFO:httpx:HTTP Request: POST https://api.telegram.org/bot7656851825:AAGndOhQDw3oYve4J12QoCLmMuLuhY69J6o/getUpdates "HTTP/1.1 200 OK"
INFO:httpx:HTTP Request: POST https://api.telegram.org/bot7656851825:AAGndOhQDw3oYve4J12QoCLmMuLuhY69J6o/getUpdates "HTTP/1.1 200 OK"
INFO:httpx:HTTP Request: POST https://api.telegram.org/bot7656851825:AAGndOhQDw3oYve4J12QoCLmMuLuhY69J6o/getUpdates "HTTP/1.1 200 OK"
INFO:httpx:HTTP Request: POST https://api.telegram.org/bot7656851825:AAGndOhQDw3oYve4J12QoCLmMuLuhY69J6o/getUpdates "HTTP/1.1 200 OK"
INFO:httpx:HTTP Request: POST https://api.telegram.org/bot7656851825:AAGndOhQDw3oYve4J12QoCLmMuLuhY69J6o/getUpdates "HTTP/1.1 200 OK"
INFO:httpx:HTTP Request: POST https://api.telegram.org/bot7656851825:AAGndOhQDw3oYve4J12QoCLmMuLuhY69J6o/getUpdates "HTTP/1.1 200 OK"
INFO:httpx:HTTP Request: POST https://api.telegram.org/bot7656851825:AAGndOhQDw3oYve4J12QoCLmMuLuhY69J6o/getUpdates "HTTP/1.1 200 OK"
INFO:httpx:HTTP Request: POST https://api.telegram.org/bot7656851825:AAGndOhQDw3oYve4J12QoCLmMuLuhY69J6o/getUpdates "HTTP/1.1 200 OK"
INFO:httpx:HTTP Request: POST https://api.telegram.org/bot7656851825:AAGndOhQDw3oYve4J12QoCLmMuLuhY69J6o/getUpdates "HTTP/1.1 200 OK"
INFO:httpx:HTTP Request: POST https://api.telegram.org/bot7656851825:AAGndOhQDw3oYve4J12QoCLmMuLuhY69J6o/getUpdates "HTTP/1.1 200 OK"
INFO:httpx:HTTP Request: POST https://api.telegram.org/bot7656851825:AAGndOhQDw3oYve4J12QoCLmMuLuhY69J6o/getUpdates "HTTP/1.1 200 OK"
INFO:httpx:HTTP Request: POST https://api.telegram.org/bot7656851825:AAGndOhQDw3oYve4J12QoCLmMuLuhY69J6o/getUpdates "HTTP/1.1 200 OK"
INFO:httpx:HTTP Request: POST https://api.telegram.org/bot7656851825:AAGndOhQDw3oYve4J12QoCLmMuLuhY69J6o/getUpdates "HTTP/1.1 200 OK"
INFO:httpx:HTTP Request: POST https://api.telegram.org/bot7656851825:AAGndOhQDw3oYve4J12QoCLmMuLuhY69J6o/getUpdates "HTTP/1.1 200 OK"
INFO:httpx:HTTP Request: POST https://api.telegram.org/bot7656851825:AAGndOhQDw3oYve4J12QoCLmMuLuhY69J6o/getUpdates "HTTP/1.1 200 OK"
INFO:httpx:HTTP Request: POST https://api.telegram.org/bot7656851825:AAGndOhQDw3oYve4J12QoCLmMuLuhY69J6o/getUpdates "HTTP/1.1 200 OK"
INFO:httpx:HTTP Request: POST https://api.telegram.org/bot7656851825:AAGndOhQDw3oYve4J12QoCLmMuLuhY69J6o/getUpdates "HTTP/1.1 200 OK"
INFO:httpx:HTTP Request: POST https://api.telegram.org/bot7656851825:AAGndOhQDw3oYve4J12QoCLmMuLuhY69J6o/getUpdates "HTTP/1.1 200 OK"
INFO:httpx:HTTP Request: POST https://api.telegram.org/bot7656851825:AAGndOhQDw3oYve4J12QoCLmMuLuhY69J6o/getUpdates "HTTP/1.1 200 OK"
INFO:httpx:HTTP Request: POST https://api.telegram.org/bot7656851825:AAGndOhQDw3oYve4J12QoCLmMuLuhY69J6o/getUpdates "HTTP/1.1 200 OK"
INFO:httpx:HTTP Request: POST https://api.telegram.org/bot7656851825:AAGndOhQDw3oYve4J12QoCLmMuLuhY69J6o/getUpdates "HTTP/1.1 200 OK"
INFO:httpx:HTTP Request: POST https://api.telegram.org/bot7656851825:AAGndOhQDw3oYve4J12QoCLmMuLuhY69J6o/getUpdates "HTTP/1.1 200 OK"
INFO:httpx:HTTP Request: POST https://api.telegram.org/bot7656851825:AAGndOhQDw3oYve4J12QoCLmMuLuhY69J6o/getUpdates "HTTP/1.1 200 OK"
INFO:httpx:HTTP Request: POST https://api.telegram.org/bot7656851825:AAGndOhQDw3oYve4J12QoCLmMuLuhY69J6o/getUpdates "HTTP/1.1 200 OK"
INFO:httpx:HTTP Request: POST https://api.telegram.org/bot7656851825:AAGndOhQDw3oYve4J12QoCLmMuLuhY69J6o/getUpdates "HTTP/1.1 200 OK"
INFO:httpx:HTTP Request: POST https://api.telegram.org/bot7656851825:AAGndOhQDw3oYve4J12QoCLmMuLuhY69J6o/getUpdates "HTTP/1.1 200 OK"
INFO:httpx:HTTP Request: POST https://api.telegram.org/bot7656851825:AAGndOhQDw3oYve4J12QoCLmMuLuhY69J6o/getUpdates "HTTP/1.1 200 OK"
INFO:httpx:HTTP Request: POST https://api.telegram.org/bot7656851825:AAGndOhQDw3oYve4J12QoCLmMuLuhY69J6o/getUpdates "HTTP/1.1 200 OK"
INFO:httpx:HTTP Request: POST https://api.telegram.org/bot7656851825:AAGndOhQDw3oYve4J12QoCLmMuLuhY69J6o/getUpdates "HTTP/1.1 200 OK"
INFO:httpx:HTTP Request: POST https://api.telegram.org/bot7656851825:AAGndOhQDw3oYve4J12QoCLmMuLuhY69J6o/getUpdates "HTTP/1.1 200 OK"
INFO:httpx:HTTP Request: POST https://api.telegram.org/bot7656851825:AAGndOhQDw3oYve4J12QoCLmMuLuhY69J6o/getUpdates "HTTP/1.1 200 OK"
INFO:httpx:HTTP Request: POST https://api.telegram.org/bot7656851825:AAGndOhQDw3oYve4J12QoCLmMuLuhY69J6o/getUpdates "HTTP/1.1 200 OK"
INFO:httpx:HTTP Request: POST https://api.telegram.org/bot7656851825:AAGndOhQDw3oYve4J12QoCLmMuLuhY69J6o/getUpdates "HTTP/1.1 200 OK"
INFO:httpx:HTTP Request: POST https://api.telegram.org/bot7656851825:AAGndOhQDw3oYve4J12QoCLmMuLuhY69J6o/getUpdates "HTTP/1.1 200 OK"
INFO:httpx:HTTP Request: POST https://api.telegram.org/bot7656851825:AAGndOhQDw3oYve4J12QoCLmMuLuhY69J6o/getUpdates "HTTP/1.1 200 OK"
INFO:httpx:HTTP Request: POST https://api.telegram.org/bot7656851825:AAGndOhQDw3oYve4J12QoCLmMuLuhY69J6o/getUpdates "HTTP/1.1 200 OK"
INFO:httpx:HTTP Request: POST https://api.telegram.org/bot7656851825:AAGndOhQDw3oYve4J12QoCLmMuLuhY69J6o/getUpdates "HTTP/1.1 200 OK"
INFO:httpx:HTTP Request: POST https://api.telegram.org/bot7656851825:AAGndOhQDw3oYve4J12QoCLmMuLuhY69J6o/getUpdates "HTTP/1.1 200 OK"
INFO:httpx:HTTP Request: POST https://api.telegram.org/bot7656851825:AAGndOhQDw3oYve4J12QoCLmMuLuhY69J6o/getUpdates "HTTP/1.1 200 OK"
INFO:httpx:HTTP Request: POST https://api.telegram.org/bot7656851825:AAGndOhQDw3oYve4J12QoCLmMuLuhY69J6o/getUpdates "HTTP/1.1 200 OK"
INFO:httpx:HTTP Request: POST https://api.telegram.org/bot7656851825:AAGndOhQDw3oYve4J12QoCLmMuLuhY69J6o/getUpdates "HTTP/1.1 200 OK"
INFO:httpx:HTTP Request: POST https://api.telegram.org/bot7656851825:AAGndOhQDw3oYve4J12QoCLmMuLuhY69J6o/getUpdates "HTTP/1.1 200 OK"
INFO:httpx:HTTP Request: POST https://api.telegram.org/bot7656851825:AAGndOhQDw3oYve4J12QoCLmMuLuhY69J6o/getUpdates "HTTP/1.1 200 OK"
INFO:httpx:HTTP Request: POST https://api.telegram.org/bot7656851825:AAGndOhQDw3oYve4J12QoCLmMuLuhY69J6o/getUpdates "HTTP/1.1 200 OK"
INFO:httpx:HTTP Request: POST https://api.telegram.org/bot7656851825:AAGndOhQDw3oYve4J12QoCLmMuLuhY69J6o/getUpdates "HTTP/1.1 200 OK"
INFO:httpx:HTTP Request: POST https://api.telegram.org/bot7656851825:AAGndOhQDw3oYve4J12QoCLmMuLuhY69J6o/getUpdates "HTTP/1.1 200 OK"
INFO:httpx:HTTP Request: POST https://api.telegram.org/bot7656851825:AAGndOhQDw3oYve4J12QoCLmMuLuhY69J6o/getUpdates "HTTP/1.1 200 OK"
INFO:httpx:HTTP Request: POST https://api.telegram.org/bot7656851825:AAGndOhQDw3oYve4J12QoCLmMuLuhY69J6o/getUpdates "HTTP/1.1 200 OK"
INFO:httpx:HTTP Request: POST https://api.telegram.org/bot7656851825:AAGndOhQDw3oYve4J12QoCLmMuLuhY69J6o/getUpdates "HTTP/1.1 200 OK"
INFO:httpx:HTTP Request: POST https://api.telegram.org/bot7656851825:AAGndOhQDw3oYve4J12QoCLmMuLuhY69J6o/getUpdates "HTTP/1.1 200 OK"
INFO:httpx:HTTP Request: POST https://api.telegram.org/bot7656851825:AAGndOhQDw3oYve4J12QoCLmMuLuhY69J6o/getUpdates "HTTP/1.1 200 OK"
INFO:httpx:HTTP Request: POST https://api.telegram.org/bot7656851825:AAGndOhQDw3oYve4J12QoCLmMuLuhY69J6o/getUpdates "HTTP/1.1 200 OK"
INFO:httpx:HTTP Request: POST https://api.telegram.org/bot7656851825:AAGndOhQDw3oYve4J12QoCLmMuLuhY69J6o/getUpdates "HTTP/1.1 200 OK"
INFO:httpx:HTTP Request: POST https://api.telegram.org/bot7656851825:AAGndOhQDw3oYve4J12QoCLmMuLuhY69J6o/getUpdates "HTTP/1.1 200 OK"
INFO:httpx:HTTP Request: POST https://api.telegram.org/bot7656851825:AAGndOhQDw3oYve4J12QoCLmMuLuhY69J6o/getUpdates "HTTP/1.1 200 OK"
INFO:httpx:HTTP Request: POST https://api.telegram.org/bot7656851825:AAGndOhQDw3oYve4J12QoCLmMuLuhY69J6o/getUpdates "HTTP/1.1 200 OK"
INFO:httpx:HTTP Request: POST https://api.telegram.org/bot7656851825:AAGndOhQDw3oYve4J12QoCLmMuLuhY69J6o/getUpdates "HTTP/1.1 200 OK"
INFO:httpx:HTTP Request: POST https://api.telegram.org/bot7656851825:AAGndOhQDw3oYve4J12QoCLmMuLuhY69J6o/getUpdates "HTTP/1.1 200 OK"
INFO:httpx:HTTP Request: POST https://api.telegram.org/bot7656851825:AAGndOhQDw3oYve4J12QoCLmMuLuhY69J6o/getUpdates "HTTP/1.1 200 OK"
INFO:httpx:HTTP Request: POST https://api.telegram.org/bot7656851825:AAGndOhQDw3oYve4J12QoCLmMuLuhY69J6o/getUpdates "HTTP/1.1 200 OK"
INFO:httpx:HTTP Request: POST https://api.telegram.org/bot7656851825:AAGndOhQDw3oYve4J12QoCLmMuLuhY69J6o/getUpdates "HTTP/1.1 200 OK"
INFO:httpx:HTTP Request: POST https://api.telegram.org/bot7656851825:AAGndOhQDw3oYve4J12QoCLmMuLuhY69J6o/getUpdates "HTTP/1.1 200 OK"
INFO:httpx:HTTP Request: POST https://api.telegram.org/bot7656851825:AAGndOhQDw3oYve4J12QoCLmMuLuhY69J6o/getUpdates "HTTP/1.1 200 OK"
INFO:httpx:HTTP Request: POST https://api.telegram.org/bot7656851825:AAGndOhQDw3oYve4J12QoCLmMuLuhY69J6o/getUpdates "HTTP/1.1 200 OK"
INFO:httpx:HTTP Request: POST https://api.telegram.org/bot7656851825:AAGndOhQDw3oYve4J12QoCLmMuLuhY69J6o/getUpdates "HTTP/1.1 200 OK"
INFO:httpx:HTTP Request: POST https://api.telegram.org/bot7656851825:AAGndOhQDw3oYve4J12QoCLmMuLuhY69J6o/getUpdates "HTTP/1.1 200 OK"
INFO:httpx:HTTP Request: POST https://api.telegram.org/bot7656851825:AAGndOhQDw3oYve4J12QoCLmMuLuhY69J6o/getUpdates "HTTP/1.1 200 OK"
INFO:httpx:HTTP Request: POST https://api.telegram.org/bot7656851825:AAGndOhQDw3oYve4J12QoCLmMuLuhY69J6o/getUpdates "HTTP/1.1 200 OK"
INFO:httpx:HTTP Request: POST https://api.telegram.org/bot7656851825:AAGndOhQDw3oYve4J12QoCLmMuLuhY69J6o/getUpdates "HTTP/1.1 200 OK"
INFO:httpx:HTTP Request: POST https://api.telegram.org/bot7656851825:AAGndOhQDw3oYve4J12QoCLmMuLuhY69J6o/getUpdates "HTTP/1.1 200 OK"
INFO:httpx:HTTP Request: POST https://api.telegram.org/bot7656851825:AAGndOhQDw3oYve4J12QoCLmMuLuhY69J6o/getUpdates "HTTP/1.1 200 OK"
INFO:httpx:HTTP Request: POST https://api.telegram.org/bot7656851825:AAGndOhQDw3oYve4J12QoCLmMuLuhY69J6o/getUpdates "HTTP/1.1 200 OK"
INFO:httpx:HTTP Request: POST https://api.telegram.org/bot7656851825:AAGndOhQDw3oYve4J12QoCLmMuLuhY69J6o/getUpdates "HTTP/1.1 200 OK"
INFO:httpx:HTTP Request: POST https://api.telegram.org/bot7656851825:AAGndOhQDw3oYve4J12QoCLmMuLuhY69J6o/getUpdates "HTTP/1.1 200 OK"
INFO:httpx:HTTP Request: POST https://api.telegram.org/bot7656851825:AAGndOhQDw3oYve4J12QoCLmMuLuhY69J6o/getUpdates "HTTP/1.1 200 OK"
INFO:httpx:HTTP Request: POST https://api.telegram.org/bot7656851825:AAGndOhQDw3oYve4J12QoCLmMuLuhY69J6o/getUpdates "HTTP/1.1 200 OK"
INFO:httpx:HTTP Request: POST https://api.telegram.org/bot7656851825:AAGndOhQDw3oYve4J12QoCLmMuLuhY69J6o/getUpdates "HTTP/1.1 200 OK"
INFO:httpx:HTTP Request: POST https://api.telegram.org/bot7656851825:AAGndOhQDw3oYve4J12QoCLmMuLuhY69J6o/getUpdates "HTTP/1.1 200 OK"
INFO:httpx:HTTP Request: POST https://api.telegram.org/bot7656851825:AAGndOhQDw3oYve4J12QoCLmMuLuhY69J6o/getUpdates "HTTP/1.1 200 OK"
INFO:httpx:HTTP Request: POST https://api.telegram.org/bot7656851825:AAGndOhQDw3oYve4J12QoCLmMuLuhY69J6o/getUpdates "HTTP/1.1 200 OK"
INFO:httpx:HTTP Request: POST https://api.telegram.org/bot7656851825:AAGndOhQDw3oYve4J12QoCLmMuLuhY69J6o/getUpdates "HTTP/1.1 200 OK"
INFO:httpx:HTTP Request: POST https://api.telegram.org/bot7656851825:AAGndOhQDw3oYve4J12QoCLmMuLuhY69J6o/getUpdates "HTTP/1.1 200 OK"
INFO:httpx:HTTP Request: POST https://api.telegram.org/bot7656851825:AAGndOhQDw3oYve4J12QoCLmMuLuhY69J6o/getUpdates "HTTP/1.1 200 OK"
INFO:httpx:HTTP Request: POST https://api.telegram.org/bot7656851825:AAGndOhQDw3oYve4J12QoCLmMuLuhY69J6o/getUpdates "HTTP/1.1 200 OK"
INFO:httpx:HTTP Request: POST https://api.telegram.org/bot7656851825:AAGndOhQDw3oYve4J12QoCLmMuLuhY69J6o/getUpdates "HTTP/1.1 200 OK"
INFO:httpx:HTTP Request: POST https://api.telegram.org/bot7656851825:AAGndOhQDw3oYve4J12QoCLmMuLuhY69J6o/getUpdates "HTTP/1.1 200 OK"
INFO:httpx:HTTP Request: POST https://api.telegram.org/bot7656851825:AAGndOhQDw3oYve4J12QoCLmMuLuhY69J6o/getUpdates "HTTP/1.1 200 OK"
INFO:httpx:HTTP Request: POST https://api.telegram.org/bot7656851825:AAGndOhQDw3oYve4J12QoCLmMuLuhY69J6o/getUpdates "HTTP/1.1 200 OK"
INFO:httpx:HTTP Request: POST https://api.telegram.org/bot7656851825:AAGndOhQDw3oYve4J12QoCLmMuLuhY69J6o/getUpdates "HTTP/1.1 200 OK"
INFO:httpx:HTTP Request: POST https://api.telegram.org/bot7656851825:AAGndOhQDw3oYve4J12QoCLmMuLuhY69J6o/getUpdates "HTTP/1.1 200 OK"
INFO:httpx:HTTP Request: POST https://api.telegram.org/bot7656851825:AAGndOhQDw3oYve4J12QoCLmMuLuhY69J6o/getUpdates "HTTP/1.1 200 OK"
INFO:httpx:HTTP Request: POST https://api.telegram.org/bot7656851825:AAGndOhQDw3oYve4J12QoCLmMuLuhY69J6o/getUpdates "HTTP/1.1 200 OK"
INFO:httpx:HTTP Request: POST https://api.telegram.org/bot7656851825:AAGndOhQDw3oYve4J12QoCLmMuLuhY69J6o/getUpdates "HTTP/1.1 200 OK"
INFO:httpx:HTTP Request: POST https://api.telegram.org/bot7656851825:AAGndOhQDw3oYve4J12QoCLmMuLuhY69J6o/getUpdates "HTTP/1.1 200 OK"
INFO:httpx:HTTP Request: POST https://api.telegram.org/bot7656851825:AAGndOhQDw3oYve4J12QoCLmMuLuhY69J6o/getUpdates "HTTP/1.1 200 OK"
INFO:httpx:HTTP Request: POST https://api.telegram.org/bot7656851825:AAGndOhQDw3oYve4J12QoCLmMuLuhY69J6o/getUpdates "HTTP/1.1 200 OK"
INFO:httpx:HTTP Request: POST https://api.telegram.org/bot7656851825:AAGndOhQDw3oYve4J12QoCLmMuLuhY69J6o/getUpdates "HTTP/1.1 200 OK"
INFO:httpx:HTTP Request: POST https://api.telegram.org/bot7656851825:AAGndOhQDw3oYve4J12QoCLmMuLuhY69J6o/getUpdates "HTTP/1.1 200 OK"
INFO:httpx:HTTP Request: POST https://api.telegram.org/bot7656851825:AAGndOhQDw3oYve4J12QoCLmMuLuhY69J6o/getUpdates "HTTP/1.1 200 OK"
INFO:httpx:HTTP Request: POST https://api.telegram.org/bot7656851825:AAGndOhQDw3oYve4J12QoCLmMuLuhY69J6o/getUpdates "HTTP/1.1 200 OK"
INFO:httpx:HTTP Request: POST https://api.telegram.org/bot7656851825:AAGndOhQDw3oYve4J12QoCLmMuLuhY69J6o/getUpdates "HTTP/1.1 200 OK"
INFO:httpx:HTTP Request: POST https://api.telegram.org/bot7656851825:AAGndOhQDw3oYve4J12QoCLmMuLuhY69J6o/getUpdates "HTTP/1.1 200 OK"
INFO:httpx:HTTP Request: POST https://api.telegram.org/bot7656851825:AAGndOhQDw3oYve4J12QoCLmMuLuhY69J6o/getUpdates "HTTP/1.1 200 OK"
INFO:httpx:HTTP Request: POST https://api.telegram.org/bot7656851825:AAGndOhQDw3oYve4J12QoCLmMuLuhY69J6o/getUpdates "HTTP/1.1 200 OK"
INFO:httpx:HTTP Request: POST https://api.telegram.org/bot7656851825:AAGndOhQDw3oYve4J12QoCLmMuLuhY69J6o/getUpdates "HTTP/1.1 200 OK"
INFO:httpx:HTTP Request: POST https://api.telegram.org/bot7656851825:AAGndOhQDw3oYve4J12QoCLmMuLuhY69J6o/getUpdates "HTTP/1.1 200 OK"
INFO:httpx:HTTP Request: POST https://api.telegram.org/bot7656851825:AAGndOhQDw3oYve4J12QoCLmMuLuhY69J6o/getUpdates "HTTP/1.1 200 OK"
INFO:httpx:HTTP Request: POST https://api.telegram.org/bot7656851825:AAGndOhQDw3oYve4J12QoCLmMuLuhY69J6o/getUpdates "HTTP/1.1 200 OK"
INFO:httpx:HTTP Request: POST https://api.telegram.org/bot7656851825:AAGndOhQDw3oYve4J12QoCLmMuLuhY69J6o/getUpdates "HTTP/1.1 200 OK"
INFO:httpx:HTTP Request: POST https://api.telegram.org/bot7656851825:AAGndOhQDw3oYve4J12QoCLmMuLuhY69J6o/getUpdates "HTTP/1.1 200 OK"
INFO:httpx:HTTP Request: POST https://api.telegram.org/bot7656851825:AAGndOhQDw3oYve4J12QoCLmMuLuhY69J6o/getUpdates "HTTP/1.1 200 OK"
INFO:httpx:HTTP Request: POST https://api.telegram.org/bot7656851825:AAGndOhQDw3oYve4J12QoCLmMuLuhY69J6o/getUpdates "HTTP/1.1 200 OK"
INFO:httpx:HTTP Request: POST https://api.telegram.org/bot7656851825:AAGndOhQDw3oYve4J12QoCLmMuLuhY69J6o/getUpdates "HTTP/1.1 200 OK"
INFO:httpx:HTTP Request: POST https://api.telegram.org/bot7656851825:AAGndOhQDw3oYve4J12QoCLmMuLuhY69J6o/getUpdates "HTTP/1.1 200 OK"
INFO:httpx:HTTP Request: POST https://api.telegram.org/bot7656851825:AAGndOhQDw3oYve4J12QoCLmMuLuhY69J6o/getUpdates "HTTP/1.1 200 OK"
INFO:httpx:HTTP Request: POST https://api.telegram.org/bot7656851825:AAGndOhQDw3oYve4J12QoCLmMuLuhY69J6o/getUpdates "HTTP/1.1 200 OK"
INFO:httpx:HTTP Request: POST https://api.telegram.org/bot7656851825:AAGndOhQDw3oYve4J12QoCLmMuLuhY69J6o/getUpdates "HTTP/1.1 200 OK"
INFO:httpx:HTTP Request: POST https://api.telegram.org/bot7656851825:AAGndOhQDw3oYve4J12QoCLmMuLuhY69J6o/getUpdates "HTTP/1.1 200 OK"
INFO:httpx:HTTP Request: POST https://api.telegram.org/bot7656851825:AAGndOhQDw3oYve4J12QoCLmMuLuhY69J6o/getUpdates "HTTP/1.1 200 OK"
INFO:httpx:HTTP Request: POST https://api.telegram.org/bot7656851825:AAGndOhQDw3oYve4J12QoCLmMuLuhY69J6o/getUpdates "HTTP/1.1 200 OK"
INFO:httpx:HTTP Request: POST https://api.telegram.org/bot7656851825:AAGndOhQDw3oYve4J12QoCLmMuLuhY69J6o/getUpdates "HTTP/1.1 200 OK"
INFO:httpx:HTTP Request: POST https://api.telegram.org/bot7656851825:AAGndOhQDw3oYve4J12QoCLmMuLuhY69J6o/getUpdates "HTTP/1.1 200 OK"
INFO:httpx:HTTP Request: POST https://api.telegram.org/bot7656851825:AAGndOhQDw3oYve4J12QoCLmMuLuhY69J6o/getUpdates "HTTP/1.1 200 OK"
INFO:httpx:HTTP Request: POST https://api.telegram.org/bot7656851825:AAGndOhQDw3oYve4J12QoCLmMuLuhY69J6o/getUpdates "HTTP/1.1 200 OK"
INFO:httpx:HTTP Request: POST https://api.telegram.org/bot7656851825:AAGndOhQDw3oYve4J12QoCLmMuLuhY69J6o/getUpdates "HTTP/1.1 200 OK"
INFO:httpx:HTTP Request: POST https://api.telegram.org/bot7656851825:AAGndOhQDw3oYve4J12QoCLmMuLuhY69J6o/getUpdates "HTTP/1.1 200 OK"
INFO:httpx:HTTP Request: POST https://api.telegram.org/bot7656851825:AAGndOhQDw3oYve4J12QoCLmMuLuhY69J6o/getUpdates "HTTP/1.1 200 OK"
INFO:httpx:HTTP Request: POST https://api.telegram.org/bot7656851825:AAGndOhQDw3oYve4J12QoCLmMuLuhY69J6o/getUpdates "HTTP/1.1 200 OK"
INFO:httpx:HTTP Request: POST https://api.telegram.org/bot7656851825:AAGndOhQDw3oYve4J12QoCLmMuLuhY69J6o/getUpdates "HTTP/1.1 200 OK"
INFO:httpx:HTTP Request: POST https://api.telegram.org/bot7656851825:AAGndOhQDw3oYve4J12QoCLmMuLuhY69J6o/getUpdates "HTTP/1.1 200 OK"
INFO:httpx:HTTP Request: POST https://api.telegram.org/bot7656851825:AAGndOhQDw3oYve4J12QoCLmMuLuhY69J6o/getUpdates "HTTP/1.1 200 OK"
INFO:httpx:HTTP Request: POST https://api.telegram.org/bot7656851825:AAGndOhQDw3oYve4J12QoCLmMuLuhY69J6o/getUpdates "HTTP/1.1 200 OK"
INFO:httpx:HTTP Request: POST https://api.telegram.org/bot7656851825:AAGndOhQDw3oYve4J12QoCLmMuLuhY69J6o/getUpdates "HTTP/1.1 200 OK"
INFO:httpx:HTTP Request: POST https://api.telegram.org/bot7656851825:AAGndOhQDw3oYve4J12QoCLmMuLuhY69J6o/getUpdates "HTTP/1.1 200 OK"
INFO:httpx:HTTP Request: POST https://api.telegram.org/bot7656851825:AAGndOhQDw3oYve4J12QoCLmMuLuhY69J6o/getUpdates "HTTP/1.1 200 OK"
INFO:httpx:HTTP Request: POST https://api.telegram.org/bot7656851825:AAGndOhQDw3oYve4J12QoCLmMuLuhY69J6o/getUpdates "HTTP/1.1 200 OK"
INFO:httpx:HTTP Request: POST https://api.telegram.org/bot7656851825:AAGndOhQDw3oYve4J12QoCLmMuLuhY69J6o/getUpdates "HTTP/1.1 200 OK"
INFO:httpx:HTTP Request: POST https://api.telegram.org/bot7656851825:AAGndOhQDw3oYve4J12QoCLmMuLuhY69J6o/getUpdates "HTTP/1.1 200 OK"
INFO:httpx:HTTP Request: POST https://api.telegram.org/bot7656851825:AAGndOhQDw3oYve4J12QoCLmMuLuhY69J6o/getUpdates "HTTP/1.1 200 OK"
INFO:httpx:HTTP Request: POST https://api.telegram.org/bot7656851825:AAGndOhQDw3oYve4J12QoCLmMuLuhY69J6o/getUpdates "HTTP/1.1 200 OK"
INFO:httpx:HTTP Request: POST https://api.telegram.org/bot7656851825:AAGndOhQDw3oYve4J12QoCLmMuLuhY69J6o/getUpdates "HTTP/1.1 200 OK"
INFO:httpx:HTTP Request: POST https://api.telegram.org/bot7656851825:AAGndOhQDw3oYve4J12QoCLmMuLuhY69J6o/getUpdates "HTTP/1.1 200 OK"
INFO:httpx:HTTP Request: POST https://api.telegram.org/bot7656851825:AAGndOhQDw3oYve4J12QoCLmMuLuhY69J6o/getUpdates "HTTP/1.1 200 OK"
INFO:httpx:HTTP Request: POST https://api.telegram.org/bot7656851825:AAGndOhQDw3oYve4J12QoCLmMuLuhY69J6o/getUpdates "HTTP/1.1 200 OK"
INFO:httpx:HTTP Request: POST https://api.telegram.org/bot7656851825:AAGndOhQDw3oYve4J12QoCLmMuLuhY69J6o/getUpdates "HTTP/1.1 200 OK"
INFO:httpx:HTTP Request: POST https://api.telegram.org/bot7656851825:AAGndOhQDw3oYve4J12QoCLmMuLuhY69J6o/getUpdates "HTTP/1.1 200 OK"
INFO:httpx:HTTP Request: POST https://api.telegram.org/bot7656851825:AAGndOhQDw3oYve4J12QoCLmMuLuhY69J6o/getUpdates "HTTP/1.1 200 OK"
INFO:httpx:HTTP Request: POST https://api.telegram.org/bot7656851825:AAGndOhQDw3oYve4J12QoCLmMuLuhY69J6o/getUpdates "HTTP/1.1 200 OK"
INFO:httpx:HTTP Request: POST https://api.telegram.org/bot7656851825:AAGndOhQDw3oYve4J12QoCLmMuLuhY69J6o/getUpdates "HTTP/1.1 200 OK"
INFO:httpx:HTTP Request: POST https://api.telegram.org/bot7656851825:AAGndOhQDw3oYve4J12QoCLmMuLuhY69J6o/getUpdates "HTTP/1.1 200 OK"
INFO:httpx:HTTP Request: POST https://api.telegram.org/bot7656851825:AAGndOhQDw3oYve4J12QoCLmMuLuhY69J6o/getUpdates "HTTP/1.1 200 OK"
INFO:httpx:HTTP Request: POST https://api.telegram.org/bot7656851825:AAGndOhQDw3oYve4J12QoCLmMuLuhY69J6o/getUpdates "HTTP/1.1 200 OK"
INFO:httpx:HTTP Request: POST https://api.telegram.org/bot7656851825:AAGndOhQDw3oYve4J12QoCLmMuLuhY69J6o/getUpdates "HTTP/1.1 200 OK"
INFO:httpx:HTTP Request: POST https://api.telegram.org/bot7656851825:AAGndOhQDw3oYve4J12QoCLmMuLuhY69J6o/getUpdates "HTTP/1.1 200 OK"
INFO:httpx:HTTP Request: POST https://api.telegram.org/bot7656851825:AAGndOhQDw3oYve4J12QoCLmMuLuhY69J6o/getUpdates "HTTP/1.1 200 OK"
INFO:httpx:HTTP Request: POST https://api.telegram.org/bot7656851825:AAGndOhQDw3oYve4J12QoCLmMuLuhY69J6o/getUpdates "HTTP/1.1 200 OK"
INFO:httpx:HTTP Request: POST https://api.telegram.org/bot7656851825:AAGndOhQDw3oYve4J12QoCLmMuLuhY69J6o/getUpdates "HTTP/1.1 200 OK"
INFO:httpx:HTTP Request: POST https://api.telegram.org/bot7656851825:AAGndOhQDw3oYve4J12QoCLmMuLuhY69J6o/getUpdates "HTTP/1.1 200 OK"
INFO:httpx:HTTP Request: POST https://api.telegram.org/bot7656851825:AAGndOhQDw3oYve4J12QoCLmMuLuhY69J6o/getUpdates "HTTP/1.1 200 OK"
INFO:httpx:HTTP Request: POST https://api.telegram.org/bot7656851825:AAGndOhQDw3oYve4J12QoCLmMuLuhY69J6o/getUpdates "HTTP/1.1 200 OK"
INFO:httpx:HTTP Request: POST https://api.telegram.org/bot7656851825:AAGndOhQDw3oYve4J12QoCLmMuLuhY69J6o/getUpdates "HTTP/1.1 200 OK"
INFO:httpx:HTTP Request: POST https://api.telegram.org/bot7656851825:AAGndOhQDw3oYve4J12QoCLmMuLuhY69J6o/getUpdates "HTTP/1.1 200 OK"
INFO:httpx:HTTP Request: POST https://api.telegram.org/bot7656851825:AAGndOhQDw3oYve4J12QoCLmMuLuhY69J6o/getUpdates "HTTP/1.1 200 OK"
INFO:httpx:HTTP Request: POST https://api.telegram.org/bot7656851825:AAGndOhQDw3oYve4J12QoCLmMuLuhY69J6o/getUpdates "HTTP/1.1 200 OK"
INFO:httpx:HTTP Request: POST https://api.telegram.org/bot7656851825:AAGndOhQDw3oYve4J12QoCLmMuLuhY69J6o/getUpdates "HTTP/1.1 200 OK"
INFO:httpx:HTTP Request: POST https://api.telegram.org/bot7656851825:AAGndOhQDw3oYve4J12QoCLmMuLuhY69J6o/getUpdates "HTTP/1.1 200 OK"
INFO:httpx:HTTP Request: POST https://api.telegram.org/bot7656851825:AAGndOhQDw3oYve4J12QoCLmMuLuhY69J6o/getUpdates "HTTP/1.1 200 OK"
INFO:httpx:HTTP Request: POST https://api.telegram.org/bot7656851825:AAGndOhQDw3oYve4J12QoCLmMuLuhY69J6o/getUpdates "HTTP/1.1 200 OK"
INFO:httpx:HTTP Request: POST https://api.telegram.org/bot7656851825:AAGndOhQDw3oYve4J12QoCLmMuLuhY69J6o/getUpdates "HTTP/1.1 200 OK"
INFO:httpx:HTTP Request: POST https://api.telegram.org/bot7656851825:AAGndOhQDw3oYve4J12QoCLmMuLuhY69J6o/getUpdates "HTTP/1.1 200 OK"
INFO:httpx:HTTP Request: POST https://api.telegram.org/bot7656851825:AAGndOhQDw3oYve4J12QoCLmMuLuhY69J6o/getUpdates "HTTP/1.1 200 OK"
INFO:httpx:HTTP Request: POST https://api.telegram.org/bot7656851825:AAGndOhQDw3oYve4J12QoCLmMuLuhY69J6o/getUpdates "HTTP/1.1 200 OK"
INFO:httpx:HTTP Request: POST https://api.telegram.org/bot7656851825:AAGndOhQDw3oYve4J12QoCLmMuLuhY69J6o/getUpdates "HTTP/1.1 200 OK"
INFO:httpx:HTTP Request: POST https://api.telegram.org/bot7656851825:AAGndOhQDw3oYve4J12QoCLmMuLuhY69J6o/getUpdates "HTTP/1.1 200 OK"
INFO:httpx:HTTP Request: POST https://api.telegram.org/bot7656851825:AAGndOhQDw3oYve4J12QoCLmMuLuhY69J6o/getUpdates "HTTP/1.1 200 OK"
INFO:httpx:HTTP Request: POST https://api.telegram.org/bot7656851825:AAGndOhQDw3oYve4J12QoCLmMuLuhY69J6o/getUpdates "HTTP/1.1 200 OK"
INFO:httpx:HTTP Request: POST https://api.telegram.org/bot7656851825:AAGndOhQDw3oYve4J12QoCLmMuLuhY69J6o/getUpdates "HTTP/1.1 200 OK"
INFO:httpx:HTTP Request: POST https://api.telegram.org/bot7656851825:AAGndOhQDw3oYve4J12QoCLmMuLuhY69J6o/getUpdates "HTTP/1.1 200 OK"
